0 info it worked if it ends with ok
1 verbose cli [ 'C:\\Users\\user\\AppData\\Local\\.meteor\\packages\\meteor-tool\\1.4.2\\mt-os.windows.x86_32\\dev_bundle\\bin\\node.exe',
1 verbose cli   'C:\\Users\\user\\AppData\\Local\\.meteor\\packages\\meteor-tool\\1.4.2\\mt-os.windows.x86_32\\dev_bundle\\lib\\node_modules\\npm\\bin\\npm-cli.js',
1 verbose cli   'install' ]
2 info using npm@3.10.9
3 info using node@v4.6.1
4 silly loadCurrentTree Starting
5 silly install loadCurrentTree
6 silly install readLocalPackageData
7 silly install normalizeTree
8 silly loadCurrentTree Finishing
9 silly loadIdealTree Starting
10 silly install loadIdealTree
11 silly cloneCurrentTree Starting
12 silly install cloneCurrentTreeToIdealTree
13 silly cloneCurrentTree Finishing
14 silly loadShrinkwrap Starting
15 silly install loadShrinkwrap
16 silly loadShrinkwrap Finishing
17 silly loadAllDepsIntoIdealTree Starting
18 silly install loadAllDepsIntoIdealTree
19 silly fetchNamedPackageData bcrypt
20 silly mapToRegistry name bcrypt
21 silly mapToRegistry using default registry
22 silly mapToRegistry registry https://registry.npmjs.org/
23 silly mapToRegistry data Result {
23 silly mapToRegistry   raw: 'bcrypt',
23 silly mapToRegistry   scope: null,
23 silly mapToRegistry   escapedName: 'bcrypt',
23 silly mapToRegistry   name: 'bcrypt',
23 silly mapToRegistry   rawSpec: '',
23 silly mapToRegistry   spec: 'latest',
23 silly mapToRegistry   type: 'tag' }
24 silly mapToRegistry uri https://registry.npmjs.org/bcrypt
25 verbose request uri https://registry.npmjs.org/bcrypt
26 verbose request no auth needed
27 info attempt registry request try #1 at 4:12:15 PM
28 verbose request id deba1712c60f4e7d
29 http request GET https://registry.npmjs.org/bcrypt
30 http 200 https://registry.npmjs.org/bcrypt
31 verbose headers { server: 'CouchDB/1.5.0 (Erlang OTP/R16B03)',
31 verbose headers   etag: '"ZN4VCW2AUBHLQCRMEUAFFWEE"',
31 verbose headers   'content-type': 'application/json',
31 verbose headers   'content-encoding': 'gzip',
31 verbose headers   'cache-control': 'max-age=300',
31 verbose headers   'content-length': '11957',
31 verbose headers   'accept-ranges': 'bytes',
31 verbose headers   date: 'Fri, 04 Nov 2016 14:12:20 GMT',
31 verbose headers   via: '1.1 varnish',
31 verbose headers   age: '50',
31 verbose headers   connection: 'keep-alive',
31 verbose headers   'x-served-by': 'cache-fra1249-FRA',
31 verbose headers   'x-cache': 'HIT',
31 verbose headers   'x-cache-hits': '1',
31 verbose headers   'x-timer': 'S1478268740.406597,VS0,VE0',
31 verbose headers   vary: 'Accept-Encoding' }
32 silly get cb [ 200,
32 silly get   { server: 'CouchDB/1.5.0 (Erlang OTP/R16B03)',
32 silly get     etag: '"ZN4VCW2AUBHLQCRMEUAFFWEE"',
32 silly get     'content-type': 'application/json',
32 silly get     'content-encoding': 'gzip',
32 silly get     'cache-control': 'max-age=300',
32 silly get     'content-length': '11957',
32 silly get     'accept-ranges': 'bytes',
32 silly get     date: 'Fri, 04 Nov 2016 14:12:20 GMT',
32 silly get     via: '1.1 varnish',
32 silly get     age: '50',
32 silly get     connection: 'keep-alive',
32 silly get     'x-served-by': 'cache-fra1249-FRA',
32 silly get     'x-cache': 'HIT',
32 silly get     'x-cache-hits': '1',
32 silly get     'x-timer': 'S1478268740.406597,VS0,VE0',
32 silly get     vary: 'Accept-Encoding' } ]
33 verbose get saving bcrypt to C:\Users\user\AppData\Local\.meteor\packages\meteor-tool\1.4.2\mt-os.windows.x86_32\dev_bundle\.npm\registry.npmjs.org\bcrypt\.cache.json
34 verbose correctMkdir C:\Users\user\AppData\Local\.meteor\packages\meteor-tool\1.4.2\mt-os.windows.x86_32\dev_bundle\.npm correctMkdir not in flight; initializing
35 silly resolveWithNewModule bcrypt@0.8.7 checking installable status
36 silly cache add args [ 'bcrypt@^0.8.7', null ]
37 verbose cache add spec bcrypt@^0.8.7
38 silly cache add parsed spec Result {
38 silly cache add   raw: 'bcrypt@^0.8.7',
38 silly cache add   scope: null,
38 silly cache add   escapedName: 'bcrypt',
38 silly cache add   name: 'bcrypt',
38 silly cache add   rawSpec: '^0.8.7',
38 silly cache add   spec: '>=0.8.7 <0.9.0',
38 silly cache add   type: 'range' }
39 silly addNamed bcrypt@>=0.8.7 <0.9.0
40 verbose addNamed ">=0.8.7 <0.9.0" is a valid semver range for bcrypt
41 silly addNameRange { name: 'bcrypt', range: '>=0.8.7 <0.9.0', hasData: false }
42 silly mapToRegistry name bcrypt
43 silly mapToRegistry using default registry
44 silly mapToRegistry registry https://registry.npmjs.org/
45 silly mapToRegistry data Result {
45 silly mapToRegistry   raw: 'bcrypt',
45 silly mapToRegistry   scope: null,
45 silly mapToRegistry   escapedName: 'bcrypt',
45 silly mapToRegistry   name: 'bcrypt',
45 silly mapToRegistry   rawSpec: '',
45 silly mapToRegistry   spec: 'latest',
45 silly mapToRegistry   type: 'tag' }
46 silly mapToRegistry uri https://registry.npmjs.org/bcrypt
47 verbose addNameRange registry:https://registry.npmjs.org/bcrypt not in flight; fetching
48 verbose get https://registry.npmjs.org/bcrypt not expired, no request
49 silly addNameRange number 2 { name: 'bcrypt', range: '>=0.8.7 <0.9.0', hasData: true }
50 silly addNameRange versions [ 'bcrypt',
50 silly addNameRange   [ '0.1.2',
50 silly addNameRange     '0.2.0',
50 silly addNameRange     '0.2.1',
50 silly addNameRange     '0.1.3',
50 silly addNameRange     '0.2.2',
50 silly addNameRange     '0.2.3',
50 silly addNameRange     '0.2.4',
50 silly addNameRange     '0.3.0',
50 silly addNameRange     '0.3.1',
50 silly addNameRange     '0.3.2',
50 silly addNameRange     '0.4.0',
50 silly addNameRange     '0.4.1',
50 silly addNameRange     '0.5.0',
50 silly addNameRange     '0.6.0',
50 silly addNameRange     '0.7.0',
50 silly addNameRange     '0.7.1',
50 silly addNameRange     '0.7.2',
50 silly addNameRange     '0.7.3',
50 silly addNameRange     '0.7.4',
50 silly addNameRange     '0.7.5',
50 silly addNameRange     '0.7.6',
50 silly addNameRange     '0.7.7',
50 silly addNameRange     '0.7.8',
50 silly addNameRange     '0.8.0',
50 silly addNameRange     '0.8.1',
50 silly addNameRange     '0.8.2',
50 silly addNameRange     '0.8.3',
50 silly addNameRange     '0.8.4',
50 silly addNameRange     '0.8.5',
50 silly addNameRange     '0.8.6',
50 silly addNameRange     '0.8.7' ] ]
51 silly addNamed bcrypt@0.8.7
52 verbose addNamed "0.8.7" is a plain semver version for bcrypt
53 silly mapToRegistry name bcrypt
54 silly mapToRegistry using default registry
55 silly mapToRegistry registry https://registry.npmjs.org/
56 silly mapToRegistry data Result {
56 silly mapToRegistry   raw: 'bcrypt',
56 silly mapToRegistry   scope: null,
56 silly mapToRegistry   escapedName: 'bcrypt',
56 silly mapToRegistry   name: 'bcrypt',
56 silly mapToRegistry   rawSpec: '',
56 silly mapToRegistry   spec: 'latest',
56 silly mapToRegistry   type: 'tag' }
57 silly mapToRegistry uri https://registry.npmjs.org/bcrypt
58 verbose addRemoteTarball https://registry.npmjs.org/bcrypt/-/bcrypt-0.8.7.tgz not in flight; adding
59 verbose addRemoteTarball [ 'https://registry.npmjs.org/bcrypt/-/bcrypt-0.8.7.tgz',
59 verbose addRemoteTarball   'bc3875a9afd0a7b2cd231a6a7f218a5ce156b093' ]
60 info retry fetch attempt 1 at 4:12:15 PM
61 info attempt registry request try #1 at 4:12:15 PM
62 http fetch GET https://registry.npmjs.org/bcrypt/-/bcrypt-0.8.7.tgz
63 http fetch 200 https://registry.npmjs.org/bcrypt/-/bcrypt-0.8.7.tgz
64 silly fetchAndShaCheck shasum bc3875a9afd0a7b2cd231a6a7f218a5ce156b093
65 verbose addTmpTarball C:\Users\user\AppData\Local\Temp\npm-5996-992ee55e\registry.npmjs.org\bcrypt\-\bcrypt-0.8.7.tgz not in flight; adding
66 verbose addTmpTarball already have metadata; skipping unpack for bcrypt@0.8.7
67 verbose correctMkdir C:\Users\user\AppData\Local\.meteor\packages\meteor-tool\1.4.2\mt-os.windows.x86_32\dev_bundle\.npm correctMkdir not in flight; initializing
68 silly cache afterAdd bcrypt@0.8.7
69 verbose afterAdd C:\Users\user\AppData\Local\.meteor\packages\meteor-tool\1.4.2\mt-os.windows.x86_32\dev_bundle\.npm\bcrypt\0.8.7\package\package.json not in flight; writing
70 verbose correctMkdir C:\Users\user\AppData\Local\.meteor\packages\meteor-tool\1.4.2\mt-os.windows.x86_32\dev_bundle\.npm correctMkdir not in flight; initializing
71 verbose afterAdd C:\Users\user\AppData\Local\.meteor\packages\meteor-tool\1.4.2\mt-os.windows.x86_32\dev_bundle\.npm\bcrypt\0.8.7\package\package.json written
72 silly fetchNamedPackageData bindings
73 silly mapToRegistry name bindings
74 silly mapToRegistry using default registry
75 silly mapToRegistry registry https://registry.npmjs.org/
76 silly mapToRegistry data Result {
76 silly mapToRegistry   raw: 'bindings',
76 silly mapToRegistry   scope: null,
76 silly mapToRegistry   escapedName: 'bindings',
76 silly mapToRegistry   name: 'bindings',
76 silly mapToRegistry   rawSpec: '',
76 silly mapToRegistry   spec: 'latest',
76 silly mapToRegistry   type: 'tag' }
77 silly mapToRegistry uri https://registry.npmjs.org/bindings
78 silly fetchNamedPackageData nan
79 silly mapToRegistry name nan
80 silly mapToRegistry using default registry
81 silly mapToRegistry registry https://registry.npmjs.org/
82 silly mapToRegistry data Result {
82 silly mapToRegistry   raw: 'nan',
82 silly mapToRegistry   scope: null,
82 silly mapToRegistry   escapedName: 'nan',
82 silly mapToRegistry   name: 'nan',
82 silly mapToRegistry   rawSpec: '',
82 silly mapToRegistry   spec: 'latest',
82 silly mapToRegistry   type: 'tag' }
83 silly mapToRegistry uri https://registry.npmjs.org/nan
84 verbose request uri https://registry.npmjs.org/bindings
85 verbose request no auth needed
86 info attempt registry request try #1 at 4:12:16 PM
87 http request GET https://registry.npmjs.org/bindings
88 verbose request uri https://registry.npmjs.org/nan
89 verbose request no auth needed
90 info attempt registry request try #1 at 4:12:16 PM
91 http request GET https://registry.npmjs.org/nan
92 http 200 https://registry.npmjs.org/bindings
93 verbose headers { server: 'CouchDB/1.5.0 (Erlang OTP/R16B03)',
93 verbose headers   etag: '"8QW29MHCPCE6VJCVI3QVXRJAQ"',
93 verbose headers   'content-type': 'application/json',
93 verbose headers   'content-encoding': 'gzip',
93 verbose headers   'cache-control': 'max-age=300',
93 verbose headers   'content-length': '3832',
93 verbose headers   'accept-ranges': 'bytes',
93 verbose headers   date: 'Fri, 04 Nov 2016 14:12:20 GMT',
93 verbose headers   via: '1.1 varnish',
93 verbose headers   age: '246',
93 verbose headers   connection: 'keep-alive',
93 verbose headers   'x-served-by': 'cache-fra1249-FRA',
93 verbose headers   'x-cache': 'HIT',
93 verbose headers   'x-cache-hits': '5',
93 verbose headers   'x-timer': 'S1478268740.542299,VS0,VE0',
93 verbose headers   vary: 'Accept-Encoding' }
94 silly get cb [ 200,
94 silly get   { server: 'CouchDB/1.5.0 (Erlang OTP/R16B03)',
94 silly get     etag: '"8QW29MHCPCE6VJCVI3QVXRJAQ"',
94 silly get     'content-type': 'application/json',
94 silly get     'content-encoding': 'gzip',
94 silly get     'cache-control': 'max-age=300',
94 silly get     'content-length': '3832',
94 silly get     'accept-ranges': 'bytes',
94 silly get     date: 'Fri, 04 Nov 2016 14:12:20 GMT',
94 silly get     via: '1.1 varnish',
94 silly get     age: '246',
94 silly get     connection: 'keep-alive',
94 silly get     'x-served-by': 'cache-fra1249-FRA',
94 silly get     'x-cache': 'HIT',
94 silly get     'x-cache-hits': '5',
94 silly get     'x-timer': 'S1478268740.542299,VS0,VE0',
94 silly get     vary: 'Accept-Encoding' } ]
95 verbose get saving bindings to C:\Users\user\AppData\Local\.meteor\packages\meteor-tool\1.4.2\mt-os.windows.x86_32\dev_bundle\.npm\registry.npmjs.org\bindings\.cache.json
96 verbose correctMkdir C:\Users\user\AppData\Local\.meteor\packages\meteor-tool\1.4.2\mt-os.windows.x86_32\dev_bundle\.npm correctMkdir not in flight; initializing
97 silly resolveWithNewModule bindings@1.2.1 checking installable status
98 silly cache add args [ 'bindings@1.2.1', null ]
99 verbose cache add spec bindings@1.2.1
100 silly cache add parsed spec Result {
100 silly cache add   raw: 'bindings@1.2.1',
100 silly cache add   scope: null,
100 silly cache add   escapedName: 'bindings',
100 silly cache add   name: 'bindings',
100 silly cache add   rawSpec: '1.2.1',
100 silly cache add   spec: '1.2.1',
100 silly cache add   type: 'version' }
101 silly addNamed bindings@1.2.1
102 verbose addNamed "1.2.1" is a plain semver version for bindings
103 silly mapToRegistry name bindings
104 silly mapToRegistry using default registry
105 silly mapToRegistry registry https://registry.npmjs.org/
106 silly mapToRegistry data Result {
106 silly mapToRegistry   raw: 'bindings',
106 silly mapToRegistry   scope: null,
106 silly mapToRegistry   escapedName: 'bindings',
106 silly mapToRegistry   name: 'bindings',
106 silly mapToRegistry   rawSpec: '',
106 silly mapToRegistry   spec: 'latest',
106 silly mapToRegistry   type: 'tag' }
107 silly mapToRegistry uri https://registry.npmjs.org/bindings
108 verbose addNameVersion registry:https://registry.npmjs.org/bindings not in flight; fetching
109 verbose get https://registry.npmjs.org/bindings not expired, no request
110 silly mapToRegistry name bindings
111 silly mapToRegistry using default registry
112 silly mapToRegistry registry https://registry.npmjs.org/
113 silly mapToRegistry data Result {
113 silly mapToRegistry   raw: 'bindings',
113 silly mapToRegistry   scope: null,
113 silly mapToRegistry   escapedName: 'bindings',
113 silly mapToRegistry   name: 'bindings',
113 silly mapToRegistry   rawSpec: '',
113 silly mapToRegistry   spec: 'latest',
113 silly mapToRegistry   type: 'tag' }
114 silly mapToRegistry uri https://registry.npmjs.org/bindings
115 verbose addRemoteTarball https://registry.npmjs.org/bindings/-/bindings-1.2.1.tgz not in flight; adding
116 verbose addRemoteTarball [ 'https://registry.npmjs.org/bindings/-/bindings-1.2.1.tgz',
116 verbose addRemoteTarball   '14ad6113812d2d37d72e67b4cacb4bb726505f11' ]
117 info retry fetch attempt 1 at 4:12:16 PM
118 info attempt registry request try #1 at 4:12:16 PM
119 http fetch GET https://registry.npmjs.org/bindings/-/bindings-1.2.1.tgz
120 http fetch 200 https://registry.npmjs.org/bindings/-/bindings-1.2.1.tgz
121 silly fetchAndShaCheck shasum 14ad6113812d2d37d72e67b4cacb4bb726505f11
122 verbose addTmpTarball C:\Users\user\AppData\Local\Temp\npm-5996-992ee55e\registry.npmjs.org\bindings\-\bindings-1.2.1.tgz not in flight; adding
123 verbose addTmpTarball already have metadata; skipping unpack for bindings@1.2.1
124 verbose correctMkdir C:\Users\user\AppData\Local\.meteor\packages\meteor-tool\1.4.2\mt-os.windows.x86_32\dev_bundle\.npm correctMkdir not in flight; initializing
125 silly cache afterAdd bindings@1.2.1
126 verbose afterAdd C:\Users\user\AppData\Local\.meteor\packages\meteor-tool\1.4.2\mt-os.windows.x86_32\dev_bundle\.npm\bindings\1.2.1\package\package.json not in flight; writing
127 verbose correctMkdir C:\Users\user\AppData\Local\.meteor\packages\meteor-tool\1.4.2\mt-os.windows.x86_32\dev_bundle\.npm correctMkdir not in flight; initializing
128 verbose afterAdd C:\Users\user\AppData\Local\.meteor\packages\meteor-tool\1.4.2\mt-os.windows.x86_32\dev_bundle\.npm\bindings\1.2.1\package\package.json written
129 http 200 https://registry.npmjs.org/nan
130 verbose headers { server: 'CouchDB/1.5.0 (Erlang OTP/R16B03)',
130 verbose headers   etag: '"64LN9YQI6X4XTPFBYZLET8KF2"',
130 verbose headers   'content-type': 'application/json',
130 verbose headers   'content-encoding': 'gzip',
130 verbose headers   'cache-control': 'max-age=300',
130 verbose headers   'content-length': '17191',
130 verbose headers   'accept-ranges': 'bytes',
130 verbose headers   date: 'Fri, 04 Nov 2016 14:12:20 GMT',
130 verbose headers   via: '1.1 varnish',
130 verbose headers   age: '191',
130 verbose headers   connection: 'keep-alive',
130 verbose headers   'x-served-by': 'cache-fra1237-FRA',
130 verbose headers   'x-cache': 'HIT',
130 verbose headers   'x-cache-hits': '7',
130 verbose headers   'x-timer': 'S1478268740.590281,VS0,VE0',
130 verbose headers   vary: 'Accept-Encoding' }
131 silly get cb [ 200,
131 silly get   { server: 'CouchDB/1.5.0 (Erlang OTP/R16B03)',
131 silly get     etag: '"64LN9YQI6X4XTPFBYZLET8KF2"',
131 silly get     'content-type': 'application/json',
131 silly get     'content-encoding': 'gzip',
131 silly get     'cache-control': 'max-age=300',
131 silly get     'content-length': '17191',
131 silly get     'accept-ranges': 'bytes',
131 silly get     date: 'Fri, 04 Nov 2016 14:12:20 GMT',
131 silly get     via: '1.1 varnish',
131 silly get     age: '191',
131 silly get     connection: 'keep-alive',
131 silly get     'x-served-by': 'cache-fra1237-FRA',
131 silly get     'x-cache': 'HIT',
131 silly get     'x-cache-hits': '7',
131 silly get     'x-timer': 'S1478268740.590281,VS0,VE0',
131 silly get     vary: 'Accept-Encoding' } ]
132 verbose get saving nan to C:\Users\user\AppData\Local\.meteor\packages\meteor-tool\1.4.2\mt-os.windows.x86_32\dev_bundle\.npm\registry.npmjs.org\nan\.cache.json
133 verbose correctMkdir C:\Users\user\AppData\Local\.meteor\packages\meteor-tool\1.4.2\mt-os.windows.x86_32\dev_bundle\.npm correctMkdir not in flight; initializing
134 silly resolveWithNewModule nan@2.3.5 checking installable status
135 silly cache add args [ 'nan@2.3.5', null ]
136 verbose cache add spec nan@2.3.5
137 silly cache add parsed spec Result {
137 silly cache add   raw: 'nan@2.3.5',
137 silly cache add   scope: null,
137 silly cache add   escapedName: 'nan',
137 silly cache add   name: 'nan',
137 silly cache add   rawSpec: '2.3.5',
137 silly cache add   spec: '2.3.5',
137 silly cache add   type: 'version' }
138 silly addNamed nan@2.3.5
139 verbose addNamed "2.3.5" is a plain semver version for nan
140 silly mapToRegistry name nan
141 silly mapToRegistry using default registry
142 silly mapToRegistry registry https://registry.npmjs.org/
143 silly mapToRegistry data Result {
143 silly mapToRegistry   raw: 'nan',
143 silly mapToRegistry   scope: null,
143 silly mapToRegistry   escapedName: 'nan',
143 silly mapToRegistry   name: 'nan',
143 silly mapToRegistry   rawSpec: '',
143 silly mapToRegistry   spec: 'latest',
143 silly mapToRegistry   type: 'tag' }
144 silly mapToRegistry uri https://registry.npmjs.org/nan
145 verbose addNameVersion registry:https://registry.npmjs.org/nan not in flight; fetching
146 verbose get https://registry.npmjs.org/nan not expired, no request
147 silly mapToRegistry name nan
148 silly mapToRegistry using default registry
149 silly mapToRegistry registry https://registry.npmjs.org/
150 silly mapToRegistry data Result {
150 silly mapToRegistry   raw: 'nan',
150 silly mapToRegistry   scope: null,
150 silly mapToRegistry   escapedName: 'nan',
150 silly mapToRegistry   name: 'nan',
150 silly mapToRegistry   rawSpec: '',
150 silly mapToRegistry   spec: 'latest',
150 silly mapToRegistry   type: 'tag' }
151 silly mapToRegistry uri https://registry.npmjs.org/nan
152 verbose addRemoteTarball https://registry.npmjs.org/nan/-/nan-2.3.5.tgz not in flight; adding
153 verbose addRemoteTarball [ 'https://registry.npmjs.org/nan/-/nan-2.3.5.tgz',
153 verbose addRemoteTarball   '822a0dc266290ce4cd3a12282ca3e7e364668a08' ]
154 info retry fetch attempt 1 at 4:12:16 PM
155 info attempt registry request try #1 at 4:12:16 PM
156 http fetch GET https://registry.npmjs.org/nan/-/nan-2.3.5.tgz
157 http fetch 200 https://registry.npmjs.org/nan/-/nan-2.3.5.tgz
158 silly fetchAndShaCheck shasum 822a0dc266290ce4cd3a12282ca3e7e364668a08
159 verbose addTmpTarball C:\Users\user\AppData\Local\Temp\npm-5996-992ee55e\registry.npmjs.org\nan\-\nan-2.3.5.tgz not in flight; adding
160 verbose addTmpTarball already have metadata; skipping unpack for nan@2.3.5
161 verbose correctMkdir C:\Users\user\AppData\Local\.meteor\packages\meteor-tool\1.4.2\mt-os.windows.x86_32\dev_bundle\.npm correctMkdir not in flight; initializing
162 silly cache afterAdd nan@2.3.5
163 verbose afterAdd C:\Users\user\AppData\Local\.meteor\packages\meteor-tool\1.4.2\mt-os.windows.x86_32\dev_bundle\.npm\nan\2.3.5\package\package.json not in flight; writing
164 verbose correctMkdir C:\Users\user\AppData\Local\.meteor\packages\meteor-tool\1.4.2\mt-os.windows.x86_32\dev_bundle\.npm correctMkdir not in flight; initializing
165 verbose afterAdd C:\Users\user\AppData\Local\.meteor\packages\meteor-tool\1.4.2\mt-os.windows.x86_32\dev_bundle\.npm\nan\2.3.5\package\package.json written
166 silly loadAllDepsIntoIdealTree Finishing
167 silly loadIdealTree Finishing
168 silly currentTree Autumn-Break-jam@
168 silly currentTree `-- meteor-node-stubs@0.2.3
168 silly currentTree   +-- assert@1.3.0
168 silly currentTree   +-- browserify-zlib@0.1.4
168 silly currentTree   | `-- pako@0.2.8
168 silly currentTree   +-- buffer@4.5.1
168 silly currentTree   | +-- base64-js@1.1.2
168 silly currentTree   | +-- ieee754@1.1.6
168 silly currentTree   | `-- isarray@1.0.0
168 silly currentTree   +-- console-browserify@1.1.0
168 silly currentTree   | `-- date-now@0.1.4
168 silly currentTree   +-- constants-browserify@1.0.0
168 silly currentTree   +-- crypto-browserify@3.11.0
168 silly currentTree   | +-- browserify-cipher@1.0.0
168 silly currentTree   | | +-- browserify-aes@1.0.6
168 silly currentTree   | | | +-- buffer-xor@1.0.3
168 silly currentTree   | | | `-- cipher-base@1.0.2
168 silly currentTree   | | +-- browserify-des@1.0.0
168 silly currentTree   | | | +-- cipher-base@1.0.2
168 silly currentTree   | | | `-- des.js@1.0.0
168 silly currentTree   | | |   `-- minimalistic-assert@1.0.0
168 silly currentTree   | | `-- evp_bytestokey@1.0.0
168 silly currentTree   | +-- browserify-sign@4.0.0
168 silly currentTree   | | +-- bn.js@4.11.1
168 silly currentTree   | | +-- browserify-rsa@4.0.1
168 silly currentTree   | | +-- elliptic@6.2.3
168 silly currentTree   | | | +-- brorand@1.0.5
168 silly currentTree   | | | `-- hash.js@1.0.3
168 silly currentTree   | | `-- parse-asn1@5.0.0
168 silly currentTree   | |   +-- asn1.js@4.5.2
168 silly currentTree   | |   | `-- minimalistic-assert@1.0.0
168 silly currentTree   | |   +-- browserify-aes@1.0.6
168 silly currentTree   | |   | +-- buffer-xor@1.0.3
168 silly currentTree   | |   | `-- cipher-base@1.0.2
168 silly currentTree   | |   `-- evp_bytestokey@1.0.0
168 silly currentTree   | +-- create-ecdh@4.0.0
168 silly currentTree   | | +-- bn.js@4.11.1
168 silly currentTree   | | `-- elliptic@6.2.3
168 silly currentTree   | |   +-- brorand@1.0.5
168 silly currentTree   | |   `-- hash.js@1.0.3
168 silly currentTree   | +-- create-hash@1.1.2
168 silly currentTree   | | +-- cipher-base@1.0.2
168 silly currentTree   | | +-- ripemd160@1.0.1
168 silly currentTree   | | `-- sha.js@2.4.5
168 silly currentTree   | +-- create-hmac@1.1.4
168 silly currentTree   | +-- diffie-hellman@5.0.2
168 silly currentTree   | | +-- bn.js@4.11.1
168 silly currentTree   | | `-- miller-rabin@4.0.0
168 silly currentTree   | |   `-- brorand@1.0.5
168 silly currentTree   | +-- inherits@2.0.1
168 silly currentTree   | +-- pbkdf2@3.0.4
168 silly currentTree   | +-- public-encrypt@4.0.0
168 silly currentTree   | | +-- bn.js@4.11.1
168 silly currentTree   | | +-- browserify-rsa@4.0.1
168 silly currentTree   | | `-- parse-asn1@5.0.0
168 silly currentTree   | |   +-- asn1.js@4.5.2
168 silly currentTree   | |   | `-- minimalistic-assert@1.0.0
168 silly currentTree   | |   +-- browserify-aes@1.0.6
168 silly currentTree   | |   | +-- buffer-xor@1.0.3
168 silly currentTree   | |   | `-- cipher-base@1.0.2
168 silly currentTree   | |   `-- evp_bytestokey@1.0.0
168 silly currentTree   | `-- randombytes@2.0.3
168 silly currentTree   +-- domain-browser@1.1.7
168 silly currentTree   +-- events@1.1.0
168 silly currentTree   +-- http-browserify@1.7.0
168 silly currentTree   | +-- Base64@0.2.1
168 silly currentTree   | `-- inherits@2.0.1
168 silly currentTree   +-- https-browserify@0.0.1
168 silly currentTree   +-- os-browserify@0.2.1
168 silly currentTree   +-- path-browserify@0.0.0
168 silly currentTree   +-- process@0.11.2
168 silly currentTree   +-- punycode@1.4.1
168 silly currentTree   +-- querystring-es3@0.2.1
168 silly currentTree   +-- readable-stream@2.0.6
168 silly currentTree   | +-- core-util-is@1.0.2
168 silly currentTree   | +-- inherits@2.0.1
168 silly currentTree   | +-- isarray@1.0.0
168 silly currentTree   | +-- process-nextick-args@1.0.6
168 silly currentTree   | `-- util-deprecate@1.0.2
168 silly currentTree   +-- stream-browserify@2.0.1
168 silly currentTree   | `-- inherits@2.0.1
168 silly currentTree   +-- string_decoder@0.10.31
168 silly currentTree   +-- timers-browserify@1.4.2
168 silly currentTree   +-- tty-browserify@0.0.0
168 silly currentTree   +-- url@0.11.0
168 silly currentTree   | +-- punycode@1.3.2
168 silly currentTree   | `-- querystring@0.2.0
168 silly currentTree   +-- util@0.10.3
168 silly currentTree   | `-- inherits@2.0.1
168 silly currentTree   `-- vm-browserify@0.0.4
168 silly currentTree     `-- indexof@0.0.1
169 silly idealTree Autumn-Break-jam@
169 silly idealTree +-- bcrypt@0.8.7
169 silly idealTree +-- bindings@1.2.1
169 silly idealTree +-- meteor-node-stubs@0.2.3
169 silly idealTree | +-- assert@1.3.0
169 silly idealTree | +-- browserify-zlib@0.1.4
169 silly idealTree | | `-- pako@0.2.8
169 silly idealTree | +-- buffer@4.5.1
169 silly idealTree | | +-- base64-js@1.1.2
169 silly idealTree | | +-- ieee754@1.1.6
169 silly idealTree | | `-- isarray@1.0.0
169 silly idealTree | +-- console-browserify@1.1.0
169 silly idealTree | | `-- date-now@0.1.4
169 silly idealTree | +-- constants-browserify@1.0.0
169 silly idealTree | +-- crypto-browserify@3.11.0
169 silly idealTree | | +-- browserify-cipher@1.0.0
169 silly idealTree | | | +-- browserify-aes@1.0.6
169 silly idealTree | | | | +-- buffer-xor@1.0.3
169 silly idealTree | | | | `-- cipher-base@1.0.2
169 silly idealTree | | | +-- browserify-des@1.0.0
169 silly idealTree | | | | +-- cipher-base@1.0.2
169 silly idealTree | | | | `-- des.js@1.0.0
169 silly idealTree | | | |   `-- minimalistic-assert@1.0.0
169 silly idealTree | | | `-- evp_bytestokey@1.0.0
169 silly idealTree | | +-- browserify-sign@4.0.0
169 silly idealTree | | | +-- bn.js@4.11.1
169 silly idealTree | | | +-- browserify-rsa@4.0.1
169 silly idealTree | | | +-- elliptic@6.2.3
169 silly idealTree | | | | +-- brorand@1.0.5
169 silly idealTree | | | | `-- hash.js@1.0.3
169 silly idealTree | | | `-- parse-asn1@5.0.0
169 silly idealTree | | |   +-- asn1.js@4.5.2
169 silly idealTree | | |   | `-- minimalistic-assert@1.0.0
169 silly idealTree | | |   +-- browserify-aes@1.0.6
169 silly idealTree | | |   | +-- buffer-xor@1.0.3
169 silly idealTree | | |   | `-- cipher-base@1.0.2
169 silly idealTree | | |   `-- evp_bytestokey@1.0.0
169 silly idealTree | | +-- create-ecdh@4.0.0
169 silly idealTree | | | +-- bn.js@4.11.1
169 silly idealTree | | | `-- elliptic@6.2.3
169 silly idealTree | | |   +-- brorand@1.0.5
169 silly idealTree | | |   `-- hash.js@1.0.3
169 silly idealTree | | +-- create-hash@1.1.2
169 silly idealTree | | | +-- cipher-base@1.0.2
169 silly idealTree | | | +-- ripemd160@1.0.1
169 silly idealTree | | | `-- sha.js@2.4.5
169 silly idealTree | | +-- create-hmac@1.1.4
169 silly idealTree | | +-- diffie-hellman@5.0.2
169 silly idealTree | | | +-- bn.js@4.11.1
169 silly idealTree | | | `-- miller-rabin@4.0.0
169 silly idealTree | | |   `-- brorand@1.0.5
169 silly idealTree | | +-- inherits@2.0.1
169 silly idealTree | | +-- pbkdf2@3.0.4
169 silly idealTree | | +-- public-encrypt@4.0.0
169 silly idealTree | | | +-- bn.js@4.11.1
169 silly idealTree | | | +-- browserify-rsa@4.0.1
169 silly idealTree | | | `-- parse-asn1@5.0.0
169 silly idealTree | | |   +-- asn1.js@4.5.2
169 silly idealTree | | |   | `-- minimalistic-assert@1.0.0
169 silly idealTree | | |   +-- browserify-aes@1.0.6
169 silly idealTree | | |   | +-- buffer-xor@1.0.3
169 silly idealTree | | |   | `-- cipher-base@1.0.2
169 silly idealTree | | |   `-- evp_bytestokey@1.0.0
169 silly idealTree | | `-- randombytes@2.0.3
169 silly idealTree | +-- domain-browser@1.1.7
169 silly idealTree | +-- events@1.1.0
169 silly idealTree | +-- http-browserify@1.7.0
169 silly idealTree | | +-- Base64@0.2.1
169 silly idealTree | | `-- inherits@2.0.1
169 silly idealTree | +-- https-browserify@0.0.1
169 silly idealTree | +-- os-browserify@0.2.1
169 silly idealTree | +-- path-browserify@0.0.0
169 silly idealTree | +-- process@0.11.2
169 silly idealTree | +-- punycode@1.4.1
169 silly idealTree | +-- querystring-es3@0.2.1
169 silly idealTree | +-- readable-stream@2.0.6
169 silly idealTree | | +-- core-util-is@1.0.2
169 silly idealTree | | +-- inherits@2.0.1
169 silly idealTree | | +-- isarray@1.0.0
169 silly idealTree | | +-- process-nextick-args@1.0.6
169 silly idealTree | | `-- util-deprecate@1.0.2
169 silly idealTree | +-- stream-browserify@2.0.1
169 silly idealTree | | `-- inherits@2.0.1
169 silly idealTree | +-- string_decoder@0.10.31
169 silly idealTree | +-- timers-browserify@1.4.2
169 silly idealTree | +-- tty-browserify@0.0.0
169 silly idealTree | +-- url@0.11.0
169 silly idealTree | | +-- punycode@1.3.2
169 silly idealTree | | `-- querystring@0.2.0
169 silly idealTree | +-- util@0.10.3
169 silly idealTree | | `-- inherits@2.0.1
169 silly idealTree | `-- vm-browserify@0.0.4
169 silly idealTree |   `-- indexof@0.0.1
169 silly idealTree `-- nan@2.3.5
170 silly generateActionsToTake Starting
171 silly install generateActionsToTake
172 silly generateActionsToTake Finishing
173 silly diffTrees action count 3
174 silly diffTrees add bindings@1.2.1
175 silly diffTrees add nan@2.3.5
176 silly diffTrees add bcrypt@0.8.7
177 silly decomposeActions action count 24
178 silly decomposeActions fetch bindings@1.2.1
179 silly decomposeActions extract bindings@1.2.1
180 silly decomposeActions test bindings@1.2.1
181 silly decomposeActions preinstall bindings@1.2.1
182 silly decomposeActions build bindings@1.2.1
183 silly decomposeActions install bindings@1.2.1
184 silly decomposeActions postinstall bindings@1.2.1
185 silly decomposeActions finalize bindings@1.2.1
186 silly decomposeActions fetch nan@2.3.5
187 silly decomposeActions extract nan@2.3.5
188 silly decomposeActions test nan@2.3.5
189 silly decomposeActions preinstall nan@2.3.5
190 silly decomposeActions build nan@2.3.5
191 silly decomposeActions install nan@2.3.5
192 silly decomposeActions postinstall nan@2.3.5
193 silly decomposeActions finalize nan@2.3.5
194 silly decomposeActions fetch bcrypt@0.8.7
195 silly decomposeActions extract bcrypt@0.8.7
196 silly decomposeActions test bcrypt@0.8.7
197 silly decomposeActions preinstall bcrypt@0.8.7
198 silly decomposeActions build bcrypt@0.8.7
199 silly decomposeActions install bcrypt@0.8.7
200 silly decomposeActions postinstall bcrypt@0.8.7
201 silly decomposeActions finalize bcrypt@0.8.7
202 silly runTopLevelLifecycles Starting
203 silly install runPreinstallTopLevelLifecycles
204 silly preinstall Autumn-Break-jam@ C:\Autumn-Break-jam\Autumn-Break-jam-9e8310b5
205 info lifecycle Autumn-Break-jam@~preinstall: Autumn-Break-jam@
206 silly lifecycle Autumn-Break-jam@~preinstall: no script for preinstall, continuing
207 silly executeActions Starting
208 silly install executeActions
209 silly doSerial global-install 0
210 silly doParallel fetch 3
211 verbose correctMkdir C:\Users\user\AppData\Local\.meteor\packages\meteor-tool\1.4.2\mt-os.windows.x86_32\dev_bundle\.npm\_locks correctMkdir not in flight; initializing
212 verbose lock using C:\Users\user\AppData\Local\.meteor\packages\meteor-tool\1.4.2\mt-os.windows.x86_32\dev_bundle\.npm\_locks\staging-0436734c23cdc8e1.lock for C:\Autumn-Break-jam\node_modules\.staging
213 silly doParallel extract 3
214 silly extract bindings@1.2.1
215 silly extract nan@2.3.5
216 silly extract bcrypt@0.8.7
217 verbose unbuild node_modules\.staging\bindings-865f6979
218 verbose unbuild node_modules\.staging\nan-99a37f58
219 silly gentlyRm C:\Autumn-Break-jam\node_modules\.staging\bindings-865f6979 is being purged from base C:\Autumn-Break-jam
220 verbose gentlyRm don't care about contents; nuking C:\Autumn-Break-jam\node_modules\.staging\bindings-865f6979
221 verbose unbuild node_modules\.staging\bcrypt-b54ec86b
222 silly gentlyRm C:\Autumn-Break-jam\node_modules\.staging\nan-99a37f58 is being purged from base C:\Autumn-Break-jam
223 verbose gentlyRm don't care about contents; nuking C:\Autumn-Break-jam\node_modules\.staging\nan-99a37f58
224 verbose tar unpack C:\Users\user\AppData\Local\.meteor\packages\meteor-tool\1.4.2\mt-os.windows.x86_32\dev_bundle\.npm\bindings\1.2.1\package.tgz
225 verbose tar unpacking to C:\Autumn-Break-jam\node_modules\.staging\bindings-865f6979
226 silly gentlyRm C:\Autumn-Break-jam\node_modules\.staging\bindings-865f6979 is being purged
227 verbose gentlyRm don't care about contents; nuking C:\Autumn-Break-jam\node_modules\.staging\bindings-865f6979
228 verbose tar unpack C:\Users\user\AppData\Local\.meteor\packages\meteor-tool\1.4.2\mt-os.windows.x86_32\dev_bundle\.npm\nan\2.3.5\package.tgz
229 verbose tar unpacking to C:\Autumn-Break-jam\node_modules\.staging\nan-99a37f58
230 silly gentlyRm C:\Autumn-Break-jam\node_modules\.staging\nan-99a37f58 is being purged
231 verbose gentlyRm don't care about contents; nuking C:\Autumn-Break-jam\node_modules\.staging\nan-99a37f58
232 silly gunzTarPerm modes [ '777', '666' ]
233 silly gunzTarPerm modes [ '777', '666' ]
234 silly gentlyRm C:\Autumn-Break-jam\node_modules\.staging\bcrypt-b54ec86b is being purged from base C:\Autumn-Break-jam
235 verbose gentlyRm don't care about contents; nuking C:\Autumn-Break-jam\node_modules\.staging\bcrypt-b54ec86b
236 verbose tar unpack C:\Users\user\AppData\Local\.meteor\packages\meteor-tool\1.4.2\mt-os.windows.x86_32\dev_bundle\.npm\bcrypt\0.8.7\package.tgz
237 verbose tar unpacking to C:\Autumn-Break-jam\node_modules\.staging\bcrypt-b54ec86b
238 silly gentlyRm C:\Autumn-Break-jam\node_modules\.staging\bcrypt-b54ec86b is being purged
239 verbose gentlyRm don't care about contents; nuking C:\Autumn-Break-jam\node_modules\.staging\bcrypt-b54ec86b
240 silly gunzTarPerm modes [ '777', '666' ]
241 silly gunzTarPerm extractEntry package.json
242 silly gunzTarPerm modified mode [ 'package.json', 420, 438 ]
243 silly gunzTarPerm extractEntry package.json
244 silly gunzTarPerm modified mode [ 'package.json', 436, 438 ]
245 silly gunzTarPerm extractEntry package.json
246 silly gunzTarPerm modified mode [ 'package.json', 420, 438 ]
247 silly gunzTarPerm extractEntry README.md
248 silly gunzTarPerm modified mode [ 'README.md', 436, 438 ]
249 silly gunzTarPerm extractEntry README.md
250 silly gunzTarPerm modified mode [ 'README.md', 420, 438 ]
251 silly gunzTarPerm extractEntry bindings.js
252 silly gunzTarPerm modified mode [ 'bindings.js', 420, 438 ]
253 silly gunzTarPerm extractEntry include_dirs.js
254 silly gunzTarPerm modified mode [ 'include_dirs.js', 436, 438 ]
255 silly gunzTarPerm extractEntry .npmignore
256 silly gunzTarPerm modified mode [ '.npmignore', 420, 438 ]
257 silly gunzTarPerm extractEntry README.md
258 silly gunzTarPerm modified mode [ 'README.md', 420, 438 ]
259 silly gunzTarPerm extractEntry nan_converters.h
260 silly gunzTarPerm modified mode [ 'nan_converters.h', 436, 438 ]
261 silly gunzTarPerm extractEntry LICENSE.md
262 silly gunzTarPerm modified mode [ 'LICENSE.md', 436, 438 ]
263 silly gunzTarPerm extractEntry doc/node_misc.md
264 silly gunzTarPerm modified mode [ 'doc/node_misc.md', 436, 438 ]
265 silly gunzTarPerm extractEntry LICENSE
266 silly gunzTarPerm modified mode [ 'LICENSE', 420, 438 ]
267 silly gunzTarPerm extractEntry bcrypt.js
268 silly gunzTarPerm modified mode [ 'bcrypt.js', 420, 438 ]
269 silly gunzTarPerm extractEntry Makefile
270 silly gunzTarPerm modified mode [ 'Makefile', 420, 438 ]
271 silly gunzTarPerm extractEntry .travis.yml
272 silly gunzTarPerm modified mode [ '.travis.yml', 420, 438 ]
273 silly gunzTarPerm extractEntry CHANGELOG.md
274 silly gunzTarPerm modified mode [ 'CHANGELOG.md', 420, 438 ]
275 silly gunzTarPerm extractEntry binding.gyp
276 silly gunzTarPerm modified mode [ 'binding.gyp', 420, 438 ]
277 silly gunzTarPerm extractEntry examples/async_compare.js
278 silly gunzTarPerm modified mode [ 'examples/async_compare.js', 420, 438 ]
279 silly gunzTarPerm extractEntry examples/forever_gen_salt.js
280 silly gunzTarPerm modified mode [ 'examples/forever_gen_salt.js', 420, 438 ]
281 silly gunzTarPerm extractEntry test/async.js
282 silly gunzTarPerm modified mode [ 'test/async.js', 420, 438 ]
283 silly gunzTarPerm extractEntry test/repetitions.js
284 silly gunzTarPerm modified mode [ 'test/repetitions.js', 420, 438 ]
285 silly gunzTarPerm extractEntry test/sync.js
286 silly gunzTarPerm modified mode [ 'test/sync.js', 420, 438 ]
287 silly gunzTarPerm extractEntry ISSUE_TEMPLATE.md
288 silly gunzTarPerm modified mode [ 'ISSUE_TEMPLATE.md', 420, 438 ]
289 silly gunzTarPerm extractEntry src/bcrypt.cc
290 silly gunzTarPerm modified mode [ 'src/bcrypt.cc', 420, 438 ]
291 silly gunzTarPerm extractEntry src/bcrypt_node.cc
292 silly gunzTarPerm modified mode [ 'src/bcrypt_node.cc', 420, 438 ]
293 silly gunzTarPerm extractEntry src/blowfish.cc
294 silly gunzTarPerm modified mode [ 'src/blowfish.cc', 420, 438 ]
295 silly gunzTarPerm extractEntry src/node_blf.h
296 silly gunzTarPerm modified mode [ 'src/node_blf.h', 420, 438 ]
297 silly gunzTarPerm extractEntry werker.yml
298 silly gunzTarPerm modified mode [ 'werker.yml', 420, 438 ]
299 silly gunzTarPerm extractEntry doc/asyncworker.md
300 silly gunzTarPerm modified mode [ 'doc/asyncworker.md', 436, 438 ]
301 silly gunzTarPerm extractEntry doc/callback.md
302 silly gunzTarPerm modified mode [ 'doc/callback.md', 436, 438 ]
303 silly gunzTarPerm extractEntry doc/converters.md
304 silly gunzTarPerm modified mode [ 'doc/converters.md', 436, 438 ]
305 silly gunzTarPerm extractEntry doc/errors.md
306 silly gunzTarPerm modified mode [ 'doc/errors.md', 436, 438 ]
307 silly gunzTarPerm extractEntry doc/maybe_types.md
308 silly gunzTarPerm modified mode [ 'doc/maybe_types.md', 436, 438 ]
309 silly gunzTarPerm extractEntry doc/methods.md
310 silly gunzTarPerm modified mode [ 'doc/methods.md', 436, 438 ]
311 silly gunzTarPerm extractEntry doc/new.md
312 silly gunzTarPerm modified mode [ 'doc/new.md', 436, 438 ]
313 silly gentlyRm C:\Autumn-Break-jam\node_modules\.staging\bindings-865f6979\node_modules is being purged
314 verbose gentlyRm don't care about contents; nuking C:\Autumn-Break-jam\node_modules\.staging\bindings-865f6979\node_modules
315 silly gunzTarPerm extractEntry doc/buffers.md
316 silly gunzTarPerm modified mode [ 'doc/buffers.md', 436, 438 ]
317 silly gunzTarPerm extractEntry doc/object_wrappers.md
318 silly gunzTarPerm modified mode [ 'doc/object_wrappers.md', 436, 438 ]
319 silly gunzTarPerm extractEntry doc/persistent.md
320 silly gunzTarPerm modified mode [ 'doc/persistent.md', 436, 438 ]
321 silly gunzTarPerm extractEntry doc/scopes.md
322 silly gunzTarPerm modified mode [ 'doc/scopes.md', 436, 438 ]
323 silly gunzTarPerm extractEntry doc/script.md
324 silly gunzTarPerm modified mode [ 'doc/script.md', 436, 438 ]
325 silly gunzTarPerm extractEntry doc/string_bytes.md
326 silly gunzTarPerm modified mode [ 'doc/string_bytes.md', 436, 438 ]
327 silly gunzTarPerm extractEntry doc/v8_internals.md
328 silly gunzTarPerm modified mode [ 'doc/v8_internals.md', 436, 438 ]
329 silly gunzTarPerm extractEntry doc/v8_misc.md
330 silly gunzTarPerm modified mode [ 'doc/v8_misc.md', 436, 438 ]
331 silly gunzTarPerm extractEntry nan.h
332 silly gunzTarPerm modified mode [ 'nan.h', 436, 438 ]
333 silly gunzTarPerm extractEntry nan_callbacks.h
334 silly gunzTarPerm modified mode [ 'nan_callbacks.h', 436, 438 ]
335 silly gunzTarPerm extractEntry nan_callbacks_12_inl.h
336 silly gunzTarPerm modified mode [ 'nan_callbacks_12_inl.h', 436, 438 ]
337 silly gunzTarPerm extractEntry nan_callbacks_pre_12_inl.h
338 silly gunzTarPerm modified mode [ 'nan_callbacks_pre_12_inl.h', 436, 438 ]
339 silly gunzTarPerm extractEntry nan_converters_43_inl.h
340 silly gunzTarPerm modified mode [ 'nan_converters_43_inl.h', 436, 438 ]
341 silly gunzTarPerm extractEntry nan_converters_pre_43_inl.h
342 silly gunzTarPerm modified mode [ 'nan_converters_pre_43_inl.h', 436, 438 ]
343 silly gunzTarPerm extractEntry nan_implementation_12_inl.h
344 silly gunzTarPerm modified mode [ 'nan_implementation_12_inl.h', 436, 438 ]
345 silly gunzTarPerm extractEntry nan_implementation_pre_12_inl.h
346 silly gunzTarPerm modified mode [ 'nan_implementation_pre_12_inl.h', 436, 438 ]
347 silly gunzTarPerm extractEntry nan_maybe_43_inl.h
348 silly gunzTarPerm modified mode [ 'nan_maybe_43_inl.h', 436, 438 ]
349 silly gunzTarPerm extractEntry nan_maybe_pre_43_inl.h
350 silly gunzTarPerm modified mode [ 'nan_maybe_pre_43_inl.h', 436, 438 ]
351 silly gunzTarPerm extractEntry nan_new.h
352 silly gunzTarPerm modified mode [ 'nan_new.h', 436, 438 ]
353 silly gunzTarPerm extractEntry nan_object_wrap.h
354 silly gunzTarPerm modified mode [ 'nan_object_wrap.h', 436, 438 ]
355 silly gunzTarPerm extractEntry nan_persistent_12_inl.h
356 silly gunzTarPerm modified mode [ 'nan_persistent_12_inl.h', 436, 438 ]
357 silly gunzTarPerm extractEntry nan_persistent_pre_12_inl.h
358 silly gunzTarPerm modified mode [ 'nan_persistent_pre_12_inl.h', 436, 438 ]
359 silly gunzTarPerm extractEntry nan_string_bytes.h
360 silly gunzTarPerm modified mode [ 'nan_string_bytes.h', 436, 438 ]
361 silly gunzTarPerm extractEntry nan_typedarray_contents.h
362 silly gunzTarPerm modified mode [ 'nan_typedarray_contents.h', 436, 438 ]
363 silly gunzTarPerm extractEntry nan_weak.h
364 silly gunzTarPerm modified mode [ 'nan_weak.h', 436, 438 ]
365 silly gunzTarPerm extractEntry CHANGELOG.md
366 silly gunzTarPerm modified mode [ 'CHANGELOG.md', 436, 438 ]
367 silly gunzTarPerm extractEntry tools/package.json
368 silly gunzTarPerm modified mode [ 'tools/package.json', 436, 438 ]
369 silly gunzTarPerm extractEntry tools/README.md
370 silly gunzTarPerm modified mode [ 'tools/README.md', 436, 438 ]
371 silly gunzTarPerm extractEntry tools/1to2.js
372 silly gunzTarPerm modified mode [ 'tools/1to2.js', 509, 511 ]
373 silly gentlyRm C:\Autumn-Break-jam\node_modules\.staging\bcrypt-b54ec86b\node_modules is being purged
374 verbose gentlyRm don't care about contents; nuking C:\Autumn-Break-jam\node_modules\.staging\bcrypt-b54ec86b\node_modules
375 silly gentlyRm C:\Autumn-Break-jam\node_modules\.staging\nan-99a37f58\node_modules is being purged
376 verbose gentlyRm don't care about contents; nuking C:\Autumn-Break-jam\node_modules\.staging\nan-99a37f58\node_modules
377 silly doParallel preinstall 3
378 silly preinstall bindings@1.2.1 C:\Autumn-Break-jam\node_modules\.staging\bindings-865f6979
379 info lifecycle bindings@1.2.1~preinstall: bindings@1.2.1
380 silly preinstall nan@2.3.5 C:\Autumn-Break-jam\node_modules\.staging\nan-99a37f58
381 info lifecycle nan@2.3.5~preinstall: nan@2.3.5
382 silly preinstall bcrypt@0.8.7 C:\Autumn-Break-jam\node_modules\.staging\bcrypt-b54ec86b
383 info lifecycle bcrypt@0.8.7~preinstall: bcrypt@0.8.7
384 silly lifecycle bindings@1.2.1~preinstall: no script for preinstall, continuing
385 silly lifecycle nan@2.3.5~preinstall: no script for preinstall, continuing
386 silly lifecycle bcrypt@0.8.7~preinstall: no script for preinstall, continuing
387 silly doReverseSerial remove 0
388 silly doSerial move 0
389 silly doSerial finalize 3
390 silly finalize C:\Autumn-Break-jam\node_modules\bindings
391 silly finalize C:\Autumn-Break-jam\node_modules\nan
392 silly finalize C:\Autumn-Break-jam\node_modules\bcrypt
393 silly doSerial build 3
394 silly build bindings@1.2.1
395 info linkStuff bindings@1.2.1
396 silly linkStuff bindings@1.2.1 has C:\Autumn-Break-jam\node_modules as its parent node_modules
397 verbose linkBins bindings@1.2.1
398 verbose linkMans bindings@1.2.1
399 silly build nan@2.3.5
400 info linkStuff nan@2.3.5
401 silly linkStuff nan@2.3.5 has C:\Autumn-Break-jam\node_modules as its parent node_modules
402 verbose linkBins nan@2.3.5
403 verbose linkMans nan@2.3.5
404 silly build bcrypt@0.8.7
405 info linkStuff bcrypt@0.8.7
406 silly linkStuff bcrypt@0.8.7 has C:\Autumn-Break-jam\node_modules as its parent node_modules
407 verbose linkBins bcrypt@0.8.7
408 verbose linkMans bcrypt@0.8.7
409 silly doSerial global-link 0
410 silly doParallel update-linked 0
411 silly doSerial install 3
412 silly install bindings@1.2.1 C:\Autumn-Break-jam\node_modules\.staging\bindings-865f6979
413 info lifecycle bindings@1.2.1~install: bindings@1.2.1
414 silly lifecycle bindings@1.2.1~install: no script for install, continuing
415 silly install nan@2.3.5 C:\Autumn-Break-jam\node_modules\.staging\nan-99a37f58
416 info lifecycle nan@2.3.5~install: nan@2.3.5
417 silly lifecycle nan@2.3.5~install: no script for install, continuing
418 silly install bcrypt@0.8.7 C:\Autumn-Break-jam\node_modules\.staging\bcrypt-b54ec86b
419 info lifecycle bcrypt@0.8.7~install: bcrypt@0.8.7
420 verbose lifecycle bcrypt@0.8.7~install: unsafe-perm in lifecycle true
421 verbose lifecycle bcrypt@0.8.7~install: PATH: C:\Users\user\AppData\Local\.meteor\packages\meteor-tool\1.4.2\mt-os.windows.x86_32\dev_bundle\lib\node_modules\npm\bin\node-gyp-bin;C:\Autumn-Break-jam\node_modules\bcrypt\node_modules\.bin;C:\Autumn-Break-jam\node_modules\.bin;C:\Users\user\AppData\Local\.meteor\packages\meteor-tool\1.4.2\mt-os.windows.x86_32\dev_bundle\bin;C:\Users\user\AppData\Local\.meteor\packages\meteor-tool\1.4.2\mt-os.windows.x86_32\dev_bundle\lib\node_modules\.bin;C:\Python34\Lib\site-packages\PyQt4;C:\Python34\;C:\Python34\Scripts;C:\Windows\system32;C:\Windows;C:\Windows\system32\wbem;C:\Program Files (x86)\NVIDIA Corporation\PhysX\Common;C:\Program Files (x86)\Razer Chroma SDK\bin;C:\Program Files\Razer Chroma SDK\bin;C:\Python34;C:\Python34\Scripts;C:\ProgramData\Oracle\Java\javapath;C:\Program Files (x86)\Intel\iCLS Client;C:\Program Files\Intel\iCLS Client;C:\Windows\System32\WindowsPowerShell\v1.0;C:\Program Files\Intel\Intel(R) Management Engine Components\DAL;C:\Program Files\Intel\Intel(R) Management Engine Components\IPT;C:\Program Files (x86)\Intel\Intel(R) Management Engine Components\DAL;C:\Program Files (x86)\Intel\Intel(R) Management Engine Components\IPT;C:\Program Files (x86)\Windows Kits\8.1\Windows Performance Toolkit;C:\Program Files\Microsoft SQL Server\110\Tools\Binn;C:\Program Files (x86)\Microsoft SDKs\TypeScript\1.0;C:\Program Files\Microsoft SQL Server\120\Tools\Binn;C:\Program Files (x86)\GtkSharp\2.12\bin;C:\FPC\3.0.0\bin\i386-Win32;C:\HaxeToolkit\haxe;C:\HaxeToolkit\neko;C:\Program Files (x86)\Skype\Phone;C:\Users\user\AppData\Local\atom\bin;C:\Program Files (x86)\CMake\bin;C:\php;C:\xampp\php;C:\ProgramData\ComposerSetup\bin;C:\xampp\php\php.exe;C:\Program Files (x86)\Skype\Phone\;C:\HaxeToolkit\haxe\;C:\HaxeToolkit\neko;C:\Python34;C:\Users\user\AppData\Local\atom\bin;C:\MinGW\bin;C:\MinGW\bin\gcc.exe;C:\MinGW\bin\g++;C:\Users\user\AppData\Roaming\Composer\vendor\bin;C:\Users\user\AppData\Local\.meteor\
422 verbose lifecycle bcrypt@0.8.7~install: CWD: C:\Autumn-Break-jam\node_modules\bcrypt
423 silly lifecycle bcrypt@0.8.7~install: Args: [ '/d /s /c', 'node-gyp rebuild' ]
424 silly lifecycle bcrypt@0.8.7~install: Returned: code: 1  signal: null
425 info lifecycle bcrypt@0.8.7~install: Failed to exec install script
426 verbose unlock done using C:\Users\user\AppData\Local\.meteor\packages\meteor-tool\1.4.2\mt-os.windows.x86_32\dev_bundle\.npm\_locks\staging-0436734c23cdc8e1.lock for C:\Autumn-Break-jam\node_modules\.staging
427 silly rollbackFailedOptional Starting
428 silly rollbackFailedOptional Finishing
429 silly runTopLevelLifecycles Finishing
430 silly install printInstalled
431 verbose stack Error: bcrypt@0.8.7 install: `node-gyp rebuild`
431 verbose stack Exit status 1
431 verbose stack     at EventEmitter.<anonymous> (C:\Users\user\AppData\Local\.meteor\packages\meteor-tool\1.4.2\mt-os.windows.x86_32\dev_bundle\lib\node_modules\npm\lib\utils\lifecycle.js:255:16)
431 verbose stack     at emitTwo (events.js:87:13)
431 verbose stack     at EventEmitter.emit (events.js:172:7)
431 verbose stack     at ChildProcess.<anonymous> (C:\Users\user\AppData\Local\.meteor\packages\meteor-tool\1.4.2\mt-os.windows.x86_32\dev_bundle\lib\node_modules\npm\lib\utils\spawn.js:40:14)
431 verbose stack     at emitTwo (events.js:87:13)
431 verbose stack     at ChildProcess.emit (events.js:172:7)
431 verbose stack     at maybeClose (internal/child_process.js:829:16)
431 verbose stack     at Process.ChildProcess._handle.onexit (internal/child_process.js:211:5)
432 verbose pkgid bcrypt@0.8.7
433 verbose cwd C:\Autumn-Break-jam
434 error Windows_NT 6.1.7601
435 error argv "C:\\Users\\user\\AppData\\Local\\.meteor\\packages\\meteor-tool\\1.4.2\\mt-os.windows.x86_32\\dev_bundle\\bin\\node.exe" "C:\\Users\\user\\AppData\\Local\\.meteor\\packages\\meteor-tool\\1.4.2\\mt-os.windows.x86_32\\dev_bundle\\lib\\node_modules\\npm\\bin\\npm-cli.js" "install"
436 error node v4.6.1
437 error npm  v3.10.9
438 error code ELIFECYCLE
439 error bcrypt@0.8.7 install: `node-gyp rebuild`
439 error Exit status 1
440 error Failed at the bcrypt@0.8.7 install script 'node-gyp rebuild'.
440 error Make sure you have the latest version of node.js and npm installed.
440 error If you do, this is most likely a problem with the bcrypt package,
440 error not with npm itself.
440 error Tell the author that this fails on your system:
440 error     node-gyp rebuild
440 error You can get information on how to open an issue for this project with:
440 error     npm bugs bcrypt
440 error Or if that isn't available, you can get their info via:
440 error     npm owner ls bcrypt
440 error There is likely additional logging output above.
441 verbose exit [ 1, true ]
